2023-07-30T07:11:51.577Z info: Server running on port 3000
2023-07-30T07:13:00.403Z info: Server running on port 3000
2023-07-30T07:13:08.412Z info: Server running on port 3000
2023-07-30T07:14:29.481Z info: Server running on port 3000
2023-07-30T07:20:08.212Z info: Server running on port 3000
2023-07-30T07:27:48.006Z info: Server running on port 3000
2023-07-30T07:28:16.544Z info: Server running on port 3000
2023-07-30T07:29:57.358Z info: Server running on port 3000
2023-07-30T07:31:03.337Z info: Server running on port 3000
2023-07-30T07:32:33.752Z info: Server running on port 3000
2023-07-30T07:34:19.641Z info: Server running on port 3000
2023-07-30T07:36:10.417Z info: Server running on port 3000
2023-07-30T07:37:18.126Z info: Server running on port 3000
2023-07-30T07:38:30.316Z info: Server running on port 3000
2023-07-30T07:39:25.636Z info: Server running on port 3000
2023-07-30T07:41:05.829Z info: Server running on port 3000
2023-07-30T07:42:28.260Z info: Server running on port 3000
2023-07-30T07:47:46.552Z info: Server running on port 3000
2023-07-30T07:50:27.394Z info: Server running on port 3000
2023-07-30T07:52:45.452Z info: Server running on port 3000
2023-07-30T07:58:41.981Z info: Server running on port 3000
2023-07-30T07:58:50.438Z info: Server running on port 3000
2023-07-30T08:01:54.322Z info: Server running on port 3000
2023-07-30T08:03:20.983Z info: Server running on port 3000
2023-07-30T08:05:58.510Z info: Server running on port 3000
2023-07-30T08:09:25.905Z info: Server running on port 3000
2023-07-30T08:10:42.129Z info: Server running on port 3000
2023-07-30T08:12:24.298Z info: Server running on port 3000
2023-07-30T08:13:58.608Z info: Server running on port 3000
2023-07-30T08:15:38.032Z info: Server running on port 3000
2023-07-30T08:18:20.156Z info: [object Promise]
2023-07-30T08:18:20.159Z info: Server running on port 3000
2023-07-30T08:19:24.652Z info: [object Promise]
2023-07-30T08:19:24.654Z info: Server running on port 3000
2023-07-30T08:22:08.683Z info: [object Promise]
2023-07-30T08:22:08.685Z info: Server running on port 3000
2023-07-30T08:25:43.955Z info: [object Promise]
2023-07-30T08:25:43.958Z info: Server running on port 3000
2023-07-30T08:27:28.028Z info: [object Promise]
2023-07-30T08:27:28.030Z info: Server running on port 3000
2023-07-30T08:31:13.300Z info: Server running on port 3000
2023-07-30T08:33:02.391Z info: Server running on port 3000
2023-07-30T08:35:27.893Z info: Server running on port 3000
2023-07-30T08:37:29.322Z info: Server running on port 3000
2023-07-30T08:42:44.341Z info: GET /api/comments/list/video123 200 305 - 54.424 ms
2023-07-30T08:44:57.825Z info: GET /api/comments/list/video123 200 305 - 21.805 ms
2023-07-30T08:44:59.044Z info: GET /api/comments/list/video123 200 305 - 3.619 ms
2023-07-30T08:45:17.726Z info: GET /api/comments/list/video123 200 305 - 18.646 ms
2023-07-30T08:45:20.285Z info: GET /api/comments/list/video123 304 - - 5.756 ms
2023-07-30T08:52:52.163Z info: GET /api/comments/list/video123 200 305 - 67.985 ms
2023-07-30T08:58:06.940Z info: GET /api/comments/list/video123 304 - - 22.936 ms
2023-07-30T08:58:15.577Z info: GET /api/comments/list/video123 200 305 - 20.751 ms
2023-07-30T08:58:19.933Z info: POST /api/comments/submit 200 16 - 45.512 ms
2023-07-30T08:58:20.884Z info: POST /api/comments/submit 200 16 - 20.751 ms
2023-07-30T08:58:21.875Z info: POST /api/comments/submit 200 16 - 38.446 ms
2023-07-30T08:58:22.525Z info: POST /api/comments/submit 200 16 - 30.910 ms
2023-07-30T08:58:23.389Z info: POST /api/comments/submit 200 16 - 16.911 ms
2023-07-30T08:58:27.728Z info: GET /api/comments/list/video123 200 1065 - 29.913 ms
2023-07-30T08:59:22.195Z info: GET /api/comments/list/video123 200 1065 - 4.659 ms
2023-07-30T09:01:39.036Z info: POST /api/comments/submit 200 16 - 100.194 ms
2023-07-30T09:02:00.747Z info: POST /api/comments/submit 200 16 - 47.248 ms
2023-07-30T09:02:13.196Z info: POST /api/comments/submit 200 16 - 31.259 ms
2023-08-13T17:16:32.401Z info: GET /api/comments/list/video123 200 1526 - 169.787 ms
2023-08-13T17:16:52.054Z info: GET /api/videos/thumbnail-list 200 256 - 30.040 ms
2023-08-13T17:20:17.095Z info: GET /api/videos/thumbnail-list 200 2 - 247.968 ms
2023-08-13T17:20:33.413Z info: GET /api/videos 404 27 - 1.213 ms
2023-08-13T17:20:46.707Z info: GET /api/videos/thumbnail-list 200 2 - 228.402 ms
2023-08-13T17:24:02.026Z info: GET /api/videos/thumbnail-list 200 2 - 249.368 ms
2023-08-13T17:25:57.800Z info: GET /api/videos/thumbnail-list 200 2 - 245.716 ms
2023-08-13T17:27:49.733Z info: GET /api/videos/thumbnail-list 200 2 - 271.916 ms
2023-08-13T17:31:25.429Z info: GET /api/videos/thumbnail-list 200 2 - 246.218 ms
2023-08-13T17:32:12.705Z info: GET /api/videos/thumbnail-list 200 2 - 301.971 ms
2023-08-13T17:33:36.057Z info: GET /api/videos/thumbnail-list 200 2 - 1292.183 ms
2023-08-13T17:36:35.424Z info: GET /api/videos/thumbnail-list 200 2373 - 283.872 ms
2023-08-13T17:37:03.210Z info: GET /api/comments/list/video123 200 2 - 285.342 ms
2023-08-13T17:42:24.418Z info: GET /api/comments/list/03nXW63eH48 200 2 - 253.690 ms
2023-08-13T17:44:40.322Z info: GET /api/comments/list/W_F927p2iDc 200 13186 - 2126.538 ms
2023-08-13T18:30:48.292Z info: GET /api/videos/thumbnail-list 200 2373 - 292.491 ms
2023-08-13T18:30:48.457Z info: GET /favicon.ico 404 27 - 2.157 ms
2023-08-13T18:38:55.030Z info: GET /api/videos/thumbnail-list 304 - - 258.651 ms
2023-08-14T13:29:07.025Z info: GET /api/videos/thumbnail-list 200 2373 - 330.881 ms
2023-08-14T13:29:07.504Z info: GET /api/videos/thumbnail-list 304 - - 456.203 ms
2023-08-14T13:29:33.599Z info: GET /api/videos/thumbnail-list 304 - - 288.132 ms
2023-08-14T13:29:33.910Z info: GET /api/videos/thumbnail-list 304 - - 286.001 ms
2023-08-14T13:34:44.084Z info: GET /api/videos/thumbnail-list 304 - - 259.460 ms
2023-08-14T13:34:44.396Z info: GET /api/videos/thumbnail-list 304 - - 310.436 ms
2023-08-14T13:37:14.930Z info: GET /api/videos/thumbnail-list 200 2372 - 328.030 ms
2023-08-14T13:37:15.230Z info: GET /api/videos/thumbnail-list 304 - - 292.276 ms
2023-08-14T13:44:25.229Z info: GET /api/videos/thumbnail-list 200 2372 - 337.122 ms
2023-08-14T13:44:25.524Z info: GET /api/videos/thumbnail-list 304 - - 291.316 ms
2023-08-14T13:48:00.529Z info: GET /api/videos/thumbnail-list 304 - - 237.878 ms
2023-08-14T13:48:00.779Z info: GET /api/videos/thumbnail-list 304 - - 248.123 ms
2023-08-14T13:48:48.973Z info: GET /api/videos/thumbnail-list 304 - - 236.188 ms
2023-08-14T13:48:49.210Z info: GET /api/videos/thumbnail-list 304 - - 229.643 ms
2023-08-14T13:50:28.747Z info: GET /api/videos/thumbnail-list 304 - - 242.145 ms
2023-08-14T13:50:29.053Z info: GET /api/videos/thumbnail-list 304 - - 300.207 ms
2023-08-14T13:57:07.092Z info: GET /api/videos/thumbnail-list 304 - - 286.483 ms
2023-08-14T13:57:07.501Z info: GET /api/videos/thumbnail-list 304 - - 401.846 ms
2023-08-14T14:01:45.016Z info: GET /api/videos/thumbnail-list 304 - - 304.648 ms
2023-08-14T14:01:45.320Z info: GET /api/videos/thumbnail-list 304 - - 299.435 ms
2023-08-14T14:02:32.526Z info: GET /api/videos/thumbnail-list 304 - - 284.278 ms
2023-08-14T14:02:32.835Z info: GET /api/videos/thumbnail-list 304 - - 301.527 ms
2023-08-14T14:03:02.222Z info: GET /api/videos/thumbnail-list 304 - - 302.199 ms
2023-08-14T14:03:02.565Z info: GET /api/videos/thumbnail-list 304 - - 341.429 ms
2023-08-14T14:03:25.151Z info: GET /api/videos/thumbnail-list 200 2372 - 229.292 ms
2023-08-14T14:03:25.407Z info: GET /api/videos/thumbnail-list 304 - - 251.085 ms
2023-08-14T14:03:41.429Z info: GET /api/videos/thumbnail-list 304 - - 249.241 ms
2023-08-14T14:03:41.668Z info: GET /api/videos/thumbnail-list 304 - - 236.397 ms
2023-08-14T14:03:48.815Z info: GET /api/videos/thumbnail-list 304 - - 333.648 ms
2023-08-14T14:03:49.049Z info: GET /api/videos/thumbnail-list 304 - - 229.990 ms
2023-08-14T14:04:36.235Z info: GET /api/videos/thumbnail-list 304 - - 313.220 ms
2023-08-14T14:04:36.537Z info: GET /api/videos/thumbnail-list 304 - - 295.589 ms
2023-08-14T14:05:02.851Z info: GET /api/videos/thumbnail-list 304 - - 245.751 ms
2023-08-14T14:05:03.191Z info: GET /api/videos/thumbnail-list 304 - - 333.946 ms
2023-08-14T14:05:11.776Z info: GET /api/videos/thumbnail-list 304 - - 280.621 ms
2023-08-14T14:05:12.065Z info: GET /api/videos/thumbnail-list 304 - - 259.187 ms
2023-08-14T14:06:22.603Z info: GET /api/videos/thumbnail-list 304 - - 238.388 ms
2023-08-14T14:06:22.854Z info: GET /api/videos/thumbnail-list 304 - - 248.743 ms
2023-08-14T14:10:00.741Z info: GET /api/videos/thumbnail-list 304 - - 309.543 ms
2023-08-14T14:10:01.049Z info: GET /api/videos/thumbnail-list 304 - - 305.866 ms
2023-08-14T14:10:08.471Z info: GET /api/videos/thumbnail-list?page=1&per_page=3 200 2372 - 236.796 ms
2023-08-14T14:10:08.888Z info: GET /api/videos/thumbnail-list?page=1&per_page=3 304 - - 262.997 ms
2023-08-14T14:10:17.950Z info: GET /api/videos/thumbnail-list?page=2&per_page=3 200 2372 - 340.944 ms
2023-08-14T14:10:22.234Z info: GET /api/videos/thumbnail-list?page=3&per_page=3 200 2372 - 239.551 ms
2023-08-14T14:10:27.776Z info: GET /api/videos/thumbnail-list?page=4&per_page=3 200 2372 - 312.005 ms
2023-08-14T14:12:30.078Z info: GET /api/videos/thumbnail-list?page=1&per_page=3 304 - - 236.517 ms
2023-08-14T14:12:30.362Z info: GET /api/videos/thumbnail-list?page=1&per_page=3 304 - - 282.019 ms
2023-08-14T14:15:11.638Z info: GET /api/videos/thumbnail-list?page=1&per_page=3 304 - - 341.344 ms
2023-08-14T14:15:12.070Z info: GET /api/videos/thumbnail-list?page=1&per_page=3 304 - - 328.117 ms
2023-08-14T14:28:05.749Z info: GET /api/videos/thumbnail-list?page=1&per_page=3 304 - - 242.549 ms
2023-08-14T14:28:06.001Z info: GET /api/videos/thumbnail-list?page=1&per_page=3 304 - - 249.096 ms
2023-08-14T14:28:18.291Z info: GET /api/videos/thumbnail-list 304 - - 283.296 ms
2023-08-14T14:28:18.598Z info: GET /api/videos/thumbnail-list 304 - - 300.145 ms
2023-08-14T14:28:26.085Z info: GET /api/videos/thumbnail-list?page=1&per_page=3 304 - - 288.510 ms
2023-08-14T14:28:26.318Z info: GET /api/videos/thumbnail-list?page=1&per_page=3 304 - - 230.005 ms
2023-08-14T14:30:19.638Z info: GET /api/videos/thumbnail-list?page=1&per_page=3 304 - - 294.954 ms
2023-08-14T14:30:19.892Z info: GET /api/videos/thumbnail-list?page=1&per_page=3 304 - - 250.615 ms
2023-08-14T14:30:28.242Z info: GET /api/videos/thumbnail-list 304 - - 294.258 ms
2023-08-14T14:30:28.552Z info: GET /api/videos/thumbnail-list 304 - - 282.225 ms
2023-08-14T14:30:34.571Z info: GET /api/videos/thumbnail-list?page=1&per_page=3 304 - - 239.299 ms
2023-08-14T14:30:34.824Z info: GET /api/videos/thumbnail-list?page=1&per_page=3 304 - - 246.025 ms
2023-08-14T14:31:54.477Z info: GET /api/videos/thumbnail-list?page=1&per_page=3 304 - - 293.994 ms
2023-08-14T14:31:54.737Z info: GET /api/videos/thumbnail-list?page=1&per_page=3 304 - - 257.670 ms
2023-08-14T14:32:01.633Z info: GET /api/videos/thumbnail-list?page=1&per_page=3 304 - - 342.503 ms
2023-08-14T14:32:01.937Z info: GET /api/videos/thumbnail-list?page=1&per_page=3 304 - - 302.517 ms
2023-08-14T14:34:32.989Z info: GET /api/videos/thumbnail-list?page=1&per_page=3 304 - - 283.295 ms
2023-08-14T14:34:33.313Z info: GET /api/videos/thumbnail-list?page=1&per_page=3 304 - - 311.653 ms
2023-08-14T14:35:05.969Z info: GET /api/videos/thumbnail-list 304 - - 294.828 ms
2023-08-14T14:35:06.267Z info: GET /api/videos/thumbnail-list 304 - - 244.000 ms
2023-08-14T14:35:20.552Z info: GET /api/videos/thumbnail-list?page=1&per_page=3 304 - - 231.890 ms
2023-08-14T14:35:20.802Z info: GET /api/videos/thumbnail-list?page=1&per_page=3 304 - - 230.488 ms
2023-08-14T14:35:24.086Z info: GET /api/videos/thumbnail-list 304 - - 288.198 ms
2023-08-14T14:35:24.388Z info: GET /api/videos/thumbnail-list 304 - - 282.468 ms
2023-08-14T14:37:02.284Z info: GET /api/videos/thumbnail-list 304 - - 326.871 ms
2023-08-14T14:37:02.592Z info: GET /api/videos/thumbnail-list 304 - - 298.977 ms
2023-08-14T14:37:08.747Z info: GET /api/videos/thumbnail-list?page=1&per_page=3 304 - - 271.238 ms
2023-08-14T14:37:09.050Z info: GET /api/videos/thumbnail-list?page=1&per_page=3 304 - - 295.818 ms
2023-08-14T14:38:48.760Z info: GET /api/videos/thumbnail-list?page=1&per_page=3 304 - - 256.071 ms
2023-08-14T14:38:49.090Z info: GET /api/videos/thumbnail-list?page=1&per_page=3 304 - - 328.384 ms
2023-08-14T14:39:03.426Z info: GET /api/videos/thumbnail-list?page=1&per_page=3 304 - - 306.712 ms
2023-08-14T14:39:03.740Z info: GET /api/videos/thumbnail-list?page=1&per_page=3 304 - - 311.728 ms
2023-08-14T14:39:45.825Z info: GET /api/videos/thumbnail-list?page=1&per_page=3 304 - - 329.998 ms
2023-08-14T14:39:46.130Z info: GET /api/videos/thumbnail-list?page=1&per_page=3 304 - - 298.387 ms
2023-08-14T14:39:51.968Z info: GET /api/videos/thumbnail-list 304 - - 273.169 ms
2023-08-14T14:39:52.283Z info: GET /api/videos/thumbnail-list 304 - - 311.060 ms
2023-08-14T14:39:53.694Z info: GET /api/videos/thumbnail-list?page=1&per_page=3 304 - - 244.510 ms
2023-08-14T14:39:53.949Z info: GET /api/videos/thumbnail-list?page=1&per_page=3 304 - - 235.246 ms
2023-08-14T14:41:16.652Z info: GET /api/videos/thumbnail-list?page=1&per_page=3 304 - - 327.229 ms
2023-08-14T14:41:16.900Z info: GET /api/videos/thumbnail-list?page=1&per_page=3 304 - - 245.287 ms
2023-08-14T14:41:21.979Z info: GET /api/videos/thumbnail-list 304 - - 312.335 ms
2023-08-14T14:41:22.238Z info: GET /api/videos/thumbnail-list 304 - - 244.736 ms
2023-08-14T14:42:22.989Z info: GET /api/videos/thumbnail-list 304 - - 242.376 ms
2023-08-14T14:42:23.316Z info: GET /api/videos/thumbnail-list 304 - - 319.499 ms
2023-08-14T14:42:32.441Z info: GET /api/videos/thumbnail-list?page=1&per_page=3 304 - - 277.718 ms
2023-08-14T14:42:32.743Z info: GET /api/videos/thumbnail-list?page=1&per_page=3 304 - - 294.344 ms
2023-08-14T14:42:40.466Z info: GET /api/videos/thumbnail-list?page=1&per_page=3 304 - - 240.896 ms
2023-08-14T14:42:40.726Z info: GET /api/videos/thumbnail-list?page=1&per_page=3 304 - - 257.686 ms
2023-08-14T14:45:27.347Z info: GET /api/videos/thumbnail-list?page=1&per_page=3 304 - - 260.321 ms
2023-08-14T14:45:27.646Z info: GET /api/videos/thumbnail-list?page=1&per_page=3 304 - - 293.851 ms
2023-08-14T14:49:18.568Z info: GET /api/videos/thumbnail-list 304 - - 291.849 ms
2023-08-14T14:49:18.869Z info: GET /api/videos/thumbnail-list 304 - - 296.986 ms
2023-08-14T14:49:31.386Z info: GET /api/videos/thumbnail-list 304 - - 230.542 ms
2023-08-14T14:49:31.620Z info: GET /api/videos/thumbnail-list 304 - - 232.542 ms
2023-08-14T14:49:35.328Z info: GET /api/videos/thumbnail-list?page=1&per_page=3 304 - - 318.850 ms
2023-08-14T14:49:35.572Z info: GET /api/videos/thumbnail-list?page=1&per_page=3 304 - - 233.933 ms
2023-08-14T14:49:40.064Z info: GET /api/videos/thumbnail-list?page=1&per_page=3 304 - - 304.697 ms
2023-08-14T14:49:40.295Z info: GET /api/videos/thumbnail-list?page=1&per_page=3 304 - - 229.406 ms
2023-08-14T14:50:14.891Z info: GET /api/videos/thumbnail-list 304 - - 275.603 ms
2023-08-14T14:50:15.189Z info: GET /api/videos/thumbnail-list 304 - - 291.833 ms
2023-08-14T14:50:20.327Z info: GET /api/videos/thumbnail-list 304 - - 239.743 ms
2023-08-14T14:50:20.617Z info: GET /api/videos/thumbnail-list 304 - - 285.060 ms
2023-08-14T14:51:04.750Z info: GET /api/videos/thumbnail-list?page=1&per_page=3 304 - - 320.178 ms
2023-08-14T14:51:05.062Z info: GET /api/videos/thumbnail-list?page=1&per_page=3 304 - - 294.159 ms
2023-08-14T14:51:14.347Z info: GET /api/videos/thumbnail-list?page=1&per_page=3 304 - - 229.842 ms
2023-08-14T14:51:14.683Z info: GET /api/videos/thumbnail-list?page=1&per_page=3 304 - - 330.800 ms
2023-08-14T14:52:23.907Z info: GET /api/videos/thumbnail-list 304 - - 307.225 ms
2023-08-14T14:52:24.214Z info: GET /api/videos/thumbnail-list 304 - - 295.022 ms
2023-08-14T14:54:34.572Z info: GET /api/videos/thumbnail-list 304 - - 233.252 ms
2023-08-14T14:54:34.879Z info: GET /api/videos/thumbnail-list 304 - - 303.807 ms
2023-08-14T14:54:44.726Z info: GET /api/videos/thumbnail-list?page=1&per_page=3 304 - - 307.027 ms
2023-08-14T14:54:45.018Z info: GET /api/videos/thumbnail-list?page=1&per_page=3 304 - - 290.816 ms
2023-08-14T14:54:51.264Z info: GET /api/videos/thumbnail-list?page=1&per_page=3 304 - - 323.626 ms
2023-08-14T14:54:51.571Z info: GET /api/videos/thumbnail-list?page=1&per_page=3 304 - - 304.305 ms
2023-08-14T14:55:41.236Z info: GET /api/videos/thumbnail-list?page=1&per_page=3 304 - - 293.308 ms
2023-08-14T14:55:41.543Z info: GET /api/videos/thumbnail-list?page=1&per_page=3 304 - - 304.499 ms
2023-08-14T14:58:54.378Z info: GET /api/videos/thumbnail-list?page=1&per_page=3 304 - - 278.087 ms
2023-08-14T14:58:54.612Z info: GET /api/videos/thumbnail-list?page=1&per_page=3 304 - - 231.001 ms
2023-08-14T15:02:14.165Z info: GET /api/videos/thumbnail-list?page=1&per_page=3 304 - - 328.744 ms
2023-08-14T15:02:14.465Z info: GET /api/videos/thumbnail-list?page=1&per_page=3 304 - - 270.241 ms
2023-08-14T15:02:40.476Z info: GET /api/videos/thumbnail-list?page=1&per_page=3 304 - - 290.999 ms
2023-08-14T15:02:40.717Z info: GET /api/videos/thumbnail-list?page=1&per_page=3 304 - - 233.653 ms
2023-08-14T15:09:12.066Z info: GET /api/videos/thumbnail-list?page=1&per_page=3 304 - - 332.355 ms
2023-08-14T15:09:12.368Z info: GET /api/videos/thumbnail-list?page=1&per_page=3 304 - - 299.044 ms
2023-08-14T15:09:38.790Z info: GET /api/videos/thumbnail-list?page=1&per_page=3 304 - - 283.511 ms
2023-08-14T15:09:39.096Z info: GET /api/videos/thumbnail-list?page=1&per_page=3 304 - - 302.537 ms
2023-08-14T15:10:41.008Z info: GET /api/videos/thumbnail-list?page=1&per_page=3 304 - - 236.302 ms
2023-08-14T15:10:41.256Z info: GET /api/videos/thumbnail-list?page=1&per_page=3 304 - - 239.327 ms
2023-08-14T15:10:51.700Z info: GET /api/videos/thumbnail-list 304 - - 230.428 ms
2023-08-14T15:10:52.006Z info: GET /api/videos/thumbnail-list 304 - - 283.527 ms
2023-08-14T15:10:57.717Z info: GET /api/videos/thumbnail-list?page=1&per_page=3 304 - - 253.938 ms
2023-08-14T15:10:57.971Z info: GET /api/videos/thumbnail-list?page=1&per_page=3 304 - - 230.940 ms
2023-08-14T15:10:59.609Z info: GET /api/videos/thumbnail-list 304 - - 237.307 ms
2023-08-14T15:10:59.853Z info: GET /api/videos/thumbnail-list 304 - - 234.416 ms
2023-08-14T15:11:24.722Z info: GET /api/videos/thumbnail-list 200 2372 - 232.212 ms
2023-08-14T15:11:24.977Z info: GET /api/videos/thumbnail-list 304 - - 231.917 ms
2023-08-14T15:11:43.832Z info: GET /api/videos/thumbnail-list 304 - - 275.272 ms
2023-08-14T15:11:44.130Z info: GET /api/videos/thumbnail-list 304 - - 284.937 ms
2023-08-14T15:11:51.753Z info: GET /api/videos/thumbnail-list 304 - - 232.980 ms
2023-08-14T15:11:52.023Z info: GET /api/videos/thumbnail-list 304 - - 267.136 ms
2023-08-14T15:24:03.081Z info: GET /api/videos/thumbnail-list?page=1&per_page=3 200 2372 - 282.791 ms
2023-08-14T15:24:03.356Z info: GET /api/videos/thumbnail-list?page=1&per_page=3 304 - - 235.637 ms
2023-08-14T15:24:14.537Z info: GET /api/videos/thumbnail-list 304 - - 318.996 ms
2023-08-14T15:24:14.844Z info: GET /api/videos/thumbnail-list 304 - - 302.449 ms
2023-08-14T15:24:26.369Z info: GET /api/videos/thumbnail-list?page=1&per_page=3 304 - - 242.234 ms
2023-08-14T15:24:26.628Z info: GET /api/videos/thumbnail-list?page=1&per_page=3 304 - - 253.230 ms
2023-08-14T15:24:48.469Z info: GET /api/videos/thumbnail-list?page=1&per_page=3 200 2372 - 235.750 ms
2023-08-14T15:24:48.703Z info: GET /api/videos/thumbnail-list?page=1&per_page=3 304 - - 231.563 ms
2023-08-14T15:25:12.198Z info: GET /api/videos/thumbnail-list?page=1&per_page=3 304 - - 234.463 ms
2023-08-14T15:25:12.466Z info: GET /api/videos/thumbnail-list?page=1&per_page=3 304 - - 232.705 ms
2023-08-14T15:25:18.949Z info: GET /api/videos/thumbnail-list?page=1&per_page=3 304 - - 330.382 ms
2023-08-14T15:25:19.195Z info: GET /api/videos/thumbnail-list?page=1&per_page=3 304 - - 234.396 ms
2023-08-14T15:28:37.639Z info: GET /api/videos/thumbnail-list?page=1&per_page=3 304 - - 231.523 ms
2023-08-14T15:28:37.886Z info: GET /api/videos/thumbnail-list?page=1&per_page=3 304 - - 230.008 ms
2023-08-14T15:28:48.644Z info: GET /api/videos/thumbnail-list?page=1&per_page=3 304 - - 230.034 ms
2023-08-14T15:28:48.978Z info: GET /api/videos/thumbnail-list?page=1&per_page=3 304 - - 322.772 ms
2023-08-14T15:30:22.394Z info: GET /api/videos/thumbnail-list?page=1&per_page=3 304 - - 236.127 ms
2023-08-14T15:30:22.654Z info: GET /api/videos/thumbnail-list?page=1&per_page=3 304 - - 239.208 ms
2023-08-14T15:30:42.757Z info: GET /api/videos/thumbnail-list?page=1&per_page=3 304 - - 311.405 ms
2023-08-14T15:30:43.057Z info: GET /api/videos/thumbnail-list?page=1&per_page=3 304 - - 298.788 ms
2023-08-14T15:30:45.408Z info: GET /api/videos/thumbnail-list 200 2372 - 321.650 ms
2023-08-14T15:30:45.767Z info: GET /api/videos/thumbnail-list 304 - - 261.644 ms
2023-08-14T15:31:21.146Z info: GET /api/videos/thumbnail-list 200 2372 - 306.761 ms
2023-08-14T15:31:21.453Z info: GET /api/videos/thumbnail-list 304 - - 294.485 ms
2023-08-14T15:31:36.508Z info: GET /api/videos/thumbnail-list 304 - - 264.701 ms
2023-08-14T15:31:36.814Z info: GET /api/videos/thumbnail-list 304 - - 302.555 ms
2023-08-14T15:31:43.574Z info: GET /api/videos/thumbnail-list 304 - - 342.231 ms
2023-08-14T15:31:43.880Z info: GET /api/videos/thumbnail-list 304 - - 296.251 ms
2023-08-14T15:34:15.315Z info: GET /api/videos/thumbnail-list 200 2372 - 240.720 ms
2023-08-14T15:34:15.640Z info: GET /api/videos/thumbnail-list 304 - - 322.609 ms
2023-08-14T15:34:32.618Z info: GET /api/videos/thumbnail-list 304 - - 284.697 ms
2023-08-14T15:34:32.950Z info: GET /api/videos/thumbnail-list 304 - - 278.414 ms
2023-08-14T15:34:39.407Z info: GET /api/videos/thumbnail-list 304 - - 243.026 ms
2023-08-14T15:34:39.645Z info: GET /api/videos/thumbnail-list 304 - - 235.408 ms
2023-08-14T15:35:12.180Z info: GET /api/videos/thumbnail-list 304 - - 317.359 ms
2023-08-14T15:35:12.413Z info: GET /api/videos/thumbnail-list 304 - - 231.391 ms
2023-08-14T15:35:25.483Z info: GET /api/videos/thumbnail-list 200 2372 - 325.028 ms
2023-08-14T15:35:25.749Z info: GET /api/videos/thumbnail-list 304 - - 248.396 ms
2023-08-14T15:35:39.408Z info: GET /api/videos/thumbnail-list 304 - - 313.710 ms
2023-08-14T15:35:39.717Z info: GET /api/videos/thumbnail-list 304 - - 307.089 ms
2023-08-14T15:35:46.629Z info: GET /api/videos/thumbnail-list 304 - - 231.822 ms
2023-08-14T15:35:46.884Z info: GET /api/videos/thumbnail-list 304 - - 243.487 ms
2023-08-14T15:35:54.974Z info: GET /api/videos/thumbnail-list?page=1&per_page=3 200 2372 - 273.083 ms
2023-08-14T15:35:55.288Z info: GET /api/videos/thumbnail-list?page=1&per_page=3 304 - - 310.077 ms
2023-08-14T15:35:58.298Z info: GET /api/videos/thumbnail-list 304 - - 238.389 ms
2023-08-14T15:35:58.695Z info: GET /api/videos/thumbnail-list 304 - - 311.310 ms
2023-08-14T15:36:10.871Z info: GET /api/videos/thumbnail-list 304 - - 232.849 ms
2023-08-14T15:36:11.111Z info: GET /api/videos/thumbnail-list 304 - - 230.122 ms
